2014-10-04 11:54:18 INFO  Main:31 - com.epam.classloading.TestModel@5960a2f1
2014-10-04 11:59:33 INFO  Main:31 - com.epam.classloading.TestModel@5a1ba9f7
2014-10-04 11:59:36 INFO  Main:39 - com.epam.classloading.TestModel@4a23d87f
2014-10-04 12:02:38 INFO  Main:33 - com.epam.classloading.TestModel@5a1ba9f7
2014-10-04 12:04:30 INFO  Main:43 - com.epam.classloading.TestModel@5a1ba9f7
2014-10-04 12:04:50 INFO  Main:43 - com.epam.classloading.TestModel@5a1ba9f7
2014-10-04 12:04:50 INFO  Main:45 - 2
2014-10-04 12:05:22 INFO  Main:33 - com.epam.classloading.TestModel@218b24cb
2014-10-04 12:06:01 INFO  Main:33 - com.epam.classloading.TestModel@5769aa0e
2014-10-04 12:06:15 INFO  Main:33 - com.epam.classloading.TestModel@4e33c558
2014-10-04 12:07:30 INFO  Main:33 - com.epam.classloading.TestModel@5a1ba9f7
2014-10-04 12:07:30 INFO  Main:34 - [Ljava.lang.reflect.Method;@5f787338
2014-10-04 12:08:22 INFO  Main:33 - com.epam.classloading.TestModel@5769aa0e
2014-10-04 12:08:22 INFO  Main:35 - getVersion
2014-10-04 12:08:22 INFO  Main:35 - wait
2014-10-04 12:08:22 INFO  Main:35 - wait
2014-10-04 12:08:22 INFO  Main:35 - wait
2014-10-04 12:08:22 INFO  Main:35 - equals
2014-10-04 12:08:22 INFO  Main:35 - toString
2014-10-04 12:08:22 INFO  Main:35 - hashCode
2014-10-04 12:08:22 INFO  Main:35 - getClass
2014-10-04 12:08:22 INFO  Main:35 - notify
2014-10-04 12:08:22 INFO  Main:35 - notifyAll
2014-10-04 12:09:36 INFO  Main:33 - com.epam.classloading.TestModel@5769aa0e
2014-10-04 12:09:36 INFO  Main:35 - getVersion
2014-10-04 12:09:36 INFO  Main:35 - wait
2014-10-04 12:09:36 INFO  Main:35 - wait
2014-10-04 12:09:36 INFO  Main:35 - wait
2014-10-04 12:09:36 INFO  Main:35 - equals
2014-10-04 12:09:36 INFO  Main:35 - toString
2014-10-04 12:09:36 INFO  Main:35 - hashCode
2014-10-04 12:09:36 INFO  Main:35 - getClass
2014-10-04 12:09:36 INFO  Main:35 - notify
2014-10-04 12:09:36 INFO  Main:35 - notifyAll
2014-10-04 12:09:58 INFO  Main:33 - com.epam.classloading.TestModel@5769aa0e
2014-10-04 12:09:58 INFO  Main:35 - getVersion
2014-10-04 12:09:58 INFO  Main:35 - wait
2014-10-04 12:09:58 INFO  Main:35 - wait
2014-10-04 12:09:58 INFO  Main:35 - wait
2014-10-04 12:09:58 INFO  Main:35 - equals
2014-10-04 12:09:58 INFO  Main:35 - toString
2014-10-04 12:09:58 INFO  Main:35 - hashCode
2014-10-04 12:09:58 INFO  Main:35 - getClass
2014-10-04 12:09:58 INFO  Main:35 - notify
2014-10-04 12:09:58 INFO  Main:35 - notifyAll
2014-10-04 12:10:37 INFO  Main:33 - com.epam.classloading.TestModel@5a1ba9f7
2014-10-04 12:10:37 INFO  Main:35 - getVersion
2014-10-04 12:10:37 INFO  Main:35 - wait
2014-10-04 12:10:37 INFO  Main:35 - wait
2014-10-04 12:10:37 INFO  Main:35 - wait
2014-10-04 12:10:37 INFO  Main:35 - equals
2014-10-04 12:10:37 INFO  Main:35 - toString
2014-10-04 12:10:37 INFO  Main:35 - hashCode
2014-10-04 12:10:37 INFO  Main:35 - getClass
2014-10-04 12:10:37 INFO  Main:35 - notify
2014-10-04 12:10:37 INFO  Main:35 - notifyAll
2014-10-04 12:11:01 INFO  Main:33 - com.epam.classloading.TestModel@4e33c558
2014-10-04 12:11:01 INFO  Main:35 - getVersion
2014-10-04 12:11:01 INFO  Main:35 - wait
2014-10-04 12:11:01 INFO  Main:35 - wait
2014-10-04 12:11:01 INFO  Main:35 - wait
2014-10-04 12:11:01 INFO  Main:35 - equals
2014-10-04 12:11:01 INFO  Main:35 - toString
2014-10-04 12:11:01 INFO  Main:35 - hashCode
2014-10-04 12:11:01 INFO  Main:35 - getClass
2014-10-04 12:11:01 INFO  Main:35 - notify
2014-10-04 12:11:01 INFO  Main:35 - notifyAll
2014-10-04 12:11:19 INFO  Main:33 - com.epam.classloading.TestModel@5a1ba9f7
2014-10-04 12:12:35 INFO  Main:33 - com.epam.classloading.TestModel@5a1ba9f7
2014-10-04 12:16:25 INFO  TestClassLoader:48 -  found in null
2014-10-04 12:20:48 INFO  TestClassLoader:49 -  found in null
2014-10-04 12:26:03 INFO  TestClassLoader:49 -  found in null
2014-10-04 12:39:05 ERROR TestClassLoader:70 - jar
java.lang.NullPointerException: entry
	at java.util.zip.ZipFile.getInputStream(Unknown Source)
	at java.util.jar.JarFile.getInputStream(Unknown Source)
	at com.epam.classloading.TestClassLoader.findClass(TestClassLoader.java:57)
	at java.lang.ClassLoader.loadClass(Unknown Source)
	at java.lang.ClassLoader.loadClass(Unknown Source)
	at java.lang.Class.forName0(Native Method)
	at java.lang.Class.forName(Unknown Source)
	at com.epam.classloading.Main.main(Main.java:41)
2014-10-04 12:39:05 INFO  TestClassLoader:75 -  found in null
2014-10-04 12:43:36 ERROR TestClassLoader:73 - jar
java.lang.NullPointerException: entry
	at java.util.zip.ZipFile.getInputStream(Unknown Source)
	at java.util.jar.JarFile.getInputStream(Unknown Source)
	at com.epam.classloading.TestClassLoader.findClass(TestClassLoader.java:60)
	at java.lang.ClassLoader.loadClass(Unknown Source)
	at java.lang.ClassLoader.loadClass(Unknown Source)
	at java.lang.Class.forName0(Native Method)
	at java.lang.Class.forName(Unknown Source)
	at com.epam.classloading.Main.main(Main.java:43)
2014-10-04 12:43:36 INFO  TestClassLoader:78 -  found in null
2014-10-04 12:47:57 ERROR TestClassLoader:81 - jar
java.util.NoSuchElementException
	at java.util.zip.ZipFile$1.nextElement(Unknown Source)
	at java.util.zip.ZipFile$1.nextElement(Unknown Source)
	at java.util.jar.JarFile$1.nextElement(Unknown Source)
	at java.util.jar.JarFile$1.nextElement(Unknown Source)
	at com.epam.classloading.TestClassLoader.findClass(TestClassLoader.java:64)
	at java.lang.ClassLoader.loadClass(Unknown Source)
	at java.lang.ClassLoader.loadClass(Unknown Source)
	at java.lang.Class.forName0(Native Method)
	at java.lang.Class.forName(Unknown Source)
	at com.epam.classloading.Main.main(Main.java:43)
2014-10-04 12:47:57 INFO  TestClassLoader:86 -  found in null
2014-10-04 12:48:55 ERROR TestClassLoader:81 - jar
java.lang.NullPointerException: entry
	at java.util.zip.ZipFile.getInputStream(Unknown Source)
	at java.util.jar.JarFile.getInputStream(Unknown Source)
	at com.epam.classloading.TestClassLoader.findClass(TestClassLoader.java:68)
	at java.lang.ClassLoader.loadClass(Unknown Source)
	at java.lang.ClassLoader.loadClass(Unknown Source)
	at java.lang.Class.forName0(Native Method)
	at java.lang.Class.forName(Unknown Source)
	at com.epam.classloading.Main.main(Main.java:43)
2014-10-04 12:48:55 INFO  TestClassLoader:86 -  found in null
2014-10-04 12:49:10 ERROR TestClassLoader:81 - jar
java.util.NoSuchElementException
	at java.util.zip.ZipFile$1.nextElement(Unknown Source)
	at java.util.zip.ZipFile$1.nextElement(Unknown Source)
	at java.util.jar.JarFile$1.nextElement(Unknown Source)
	at java.util.jar.JarFile$1.nextElement(Unknown Source)
	at com.epam.classloading.TestClassLoader.findClass(TestClassLoader.java:64)
	at java.lang.ClassLoader.loadClass(Unknown Source)
	at java.lang.ClassLoader.loadClass(Unknown Source)
	at java.lang.Class.forName0(Native Method)
	at java.lang.Class.forName(Unknown Source)
	at com.epam.classloading.Main.main(Main.java:43)
2014-10-04 12:49:10 INFO  TestClassLoader:86 -  found in null
2014-10-04 12:50:26 ERROR TestClassLoader:83 - jar
java.lang.NullPointerException: entry
	at java.util.zip.ZipFile.getInputStream(Unknown Source)
	at java.util.jar.JarFile.getInputStream(Unknown Source)
	at com.epam.classloading.TestClassLoader.findClass(TestClassLoader.java:70)
	at java.lang.ClassLoader.loadClass(Unknown Source)
	at java.lang.ClassLoader.loadClass(Unknown Source)
	at java.lang.Class.forName0(Native Method)
	at java.lang.Class.forName(Unknown Source)
	at com.epam.classloading.Main.main(Main.java:43)
2014-10-04 12:50:26 INFO  TestClassLoader:88 -  found in null
2014-10-04 12:52:14 ERROR TestClassLoader:85 - jar
java.lang.NullPointerException: entry
	at java.util.zip.ZipFile.getInputStream(Unknown Source)
	at java.util.jar.JarFile.getInputStream(Unknown Source)
	at com.epam.classloading.TestClassLoader.findClass(TestClassLoader.java:72)
	at java.lang.ClassLoader.loadClass(Unknown Source)
	at java.lang.ClassLoader.loadClass(Unknown Source)
	at java.lang.Class.forName0(Native Method)
	at java.lang.Class.forName(Unknown Source)
	at com.epam.classloading.Main.main(Main.java:43)
2014-10-04 12:52:14 INFO  TestClassLoader:90 -  found in null
2014-10-04 12:52:29 ERROR TestClassLoader:85 - jar
java.lang.NullPointerException: entry
	at java.util.zip.ZipFile.getInputStream(Unknown Source)
	at java.util.jar.JarFile.getInputStream(Unknown Source)
	at com.epam.classloading.TestClassLoader.findClass(TestClassLoader.java:72)
	at java.lang.ClassLoader.loadClass(Unknown Source)
	at java.lang.ClassLoader.loadClass(Unknown Source)
	at java.lang.Class.forName0(Native Method)
	at java.lang.Class.forName(Unknown Source)
	at com.epam.classloading.Main.main(Main.java:43)
2014-10-04 12:52:29 INFO  TestClassLoader:90 -  found in null
2014-10-04 12:52:45 INFO  Main:45 - com.epam.classloading.TestModel@22ef27e3
2014-10-04 13:00:20 INFO  Main:41 - com.epam.classloading.TestModel@323ba00
2014-10-04 13:00:31 INFO  Main:52 - com.epam.classloading.TestModel@1976bf9e
2014-10-04 13:03:03 INFO  Main:41 - com.epam.classloading.TestModel@4f399671
2014-10-04 13:03:13 INFO  Main:41 - com.epam.classloading.TestModel@542cc2d4
2014-10-04 13:03:17 INFO  Main:52 - com.epam.classloading.TestModel@23efbbb1
2014-10-04 13:03:45 INFO  Main:41 - com.epam.classloading.TestModel@5bd26de4
2014-10-04 13:03:48 INFO  Main:52 - com.epam.classloading.TestModel@23efbbb1
2014-10-04 13:04:13 INFO  Main:41 - com.epam.classloading.TestModel@5bd26de4
2014-10-04 13:04:17 INFO  Main:52 - com.epam.classloading.TestModel@23efbbb1
2014-10-04 13:05:14 INFO  Main:52 - com.epam.classloading.TestModel@5bd26de4
2014-10-04 13:05:46 INFO  Main:52 - com.epam.classloading.TestModel@542cc2d4
2014-10-04 13:05:46 INFO  Main:53 - 2
2014-10-04 13:07:37 INFO  Main:73 - com.epam.classloading.TestModel@46ab1778
2014-10-04 13:07:37 INFO  Main:74 - 1
2014-10-04 13:07:41 INFO  Main:73 - com.epam.classloading.TestModel@323ba00
2014-10-04 13:07:41 INFO  Main:74 - 2
2014-10-04 13:10:13 INFO  Main:62 - com.epam.classloading.TestModel@71fdf17c
2014-10-04 13:10:13 INFO  Main:63 - 1
2014-10-04 13:10:17 INFO  Main:62 - com.epam.classloading.TestModel@1e88579c
2014-10-04 13:10:17 INFO  Main:63 - 2
